2026-05-03 18:50:50,561 | INFO | root | Log activo: logs\pipeline_20260503_185050.log
2026-05-03 18:50:51,086 | INFO | run_pipeline | ━━━ PASO 1/3: INGEST ━━━
2026-05-03 18:50:51,086 | INFO | ingest | Iniciando ingesta | archivo: data/raw/02.2026 Data OTC CloseUP Moneda local.xlsx | hojas: ['ARG', 'BRA', 'CHI', 'COL', 'ECU', 'MEX', 'PER']
2026-05-03 18:50:51,087 | INFO | ingest | Leyendo hoja: ARG | archivo: data/raw/02.2026 Data OTC CloseUP Moneda local.xlsx
2026-05-03 18:50:51,286 | ERROR | run_pipeline | PIPELINE FALLIDO después de 0.2s
Traceback (most recent call last):
  File "C:\Users\User1\OneDrive\Documents\01 Consumer Insights\Share-Dashboard\run_pipeline.py", line 87, in main
    raw_data = ingest_shares_file(
        filepath=args.shares,
        config=config,
        sheets_override=args.sheets,
    )
  File "C:\Users\User1\OneDrive\Documents\01 Consumer Insights\Share-Dashboard\ingest.py", line 200, in ingest_shares_file
    df = read_sheet(filepath, sheet_code, cfg_shares)
  File "C:\Users\User1\OneDrive\Documents\01 Consumer Insights\Share-Dashboard\ingest.py", line 118, in read_sheet
    df = pd.read_excel(
        filepath,
    ...<2 lines>...
        engine="openpyxl",
    )
  File "C:\Users\User1\AppData\Local\Python\pythoncore-3.14-64\Lib\site-packages\pandas\io\excel\_base.py", line 481, in read_excel
    io = ExcelFile(
        io,
    ...<2 lines>...
        engine_kwargs=engine_kwargs,
    )
  File "C:\Users\User1\AppData\Local\Python\pythoncore-3.14-64\Lib\site-packages\pandas\io\excel\_base.py", line 1621, in __init__
    self._reader = self._engines[engine](
                   ~~~~~~~~~~~~~~~~~~~~~^
        self._io,
        ^^^^^^^^^
        storage_options=storage_options,
        ^^^^^^^^^^^^^^^^^^^^^^^^^^^^^^^^
        engine_kwargs=engine_kwargs,
        ^^^^^^^^^^^^^^^^^^^^^^^^^^^^
    )
    ^
  File "C:\Users\User1\AppData\Local\Python\pythoncore-3.14-64\Lib\site-packages\pandas\io\excel\_openpyxl.py", line 560, in __init__
    super().__init__(
    ~~~~~~~~~~~~~~~~^
        filepath_or_buffer,
        ^^^^^^^^^^^^^^^^^^^
        storage_options=storage_options,
        ^^^^^^^^^^^^^^^^^^^^^^^^^^^^^^^^
        engine_kwargs=engine_kwargs,
        ^^^^^^^^^^^^^^^^^^^^^^^^^^^^
    )
    ^
  File "C:\Users\User1\AppData\Local\Python\pythoncore-3.14-64\Lib\site-packages\pandas\io\excel\_base.py", line 544, in __init__
    self.handles = get_handle(
                   ~~~~~~~~~~^
        filepath_or_buffer, "rb", storage_options=storage_options, is_text=False
        ^^^^^^^^^^^^^^^^^^^^^^^^^^^^^^^^^^^^^^^^^^^^^^^^^^^^^^^^^^^^^^^^^^^^^^^^
    )
    ^
  File "C:\Users\User1\AppData\Local\Python\pythoncore-3.14-64\Lib\site-packages\pandas\io\common.py", line 935, in get_handle
    handle = open(handle, ioargs.mode)
PermissionError: [Errno 13] Permission denied: 'data/raw/02.2026 Data OTC CloseUP Moneda local.xlsx'
